<?xml version="1.0" encoding="UTF-8"?>
<testng-results skipped="0" failed="1" total="1" passed="0">
  <reporter-output>
  </reporter-output>
  <suite name="Default suite" duration-ms="32439" started-at="2019-12-27T17:55:42Z" finished-at="2019-12-27T17:56:14Z">
    <groups>
    </groups>
    <test name="Default test" duration-ms="32439" started-at="2019-12-27T17:55:42Z" finished-at="2019-12-27T17:56:14Z">
      <class name="test.ExpediaTest">
        <test-method status="PASS" signature="setupTest()[pri:0, instance:test.ExpediaTest@5442a311]" name="setupTest" is-config="true" duration-ms="14330" started-at="2019-12-27T11:55:42Z" finished-at="2019-12-27T11:55:56Z">
          <reporter-output>
          </reporter-output>
        </test-method> <!-- setupTest -->
        <test-method status="FAIL" signature="Expedia(java.lang.String, java.lang.String)[pri:0, instance:test.ExpediaTest@5442a311]" name="Expedia" duration-ms="16611" started-at="2019-12-27T11:55:56Z" data-provider="busquedaExpedia" finished-at="2019-12-27T11:56:13Z">
          <params>
            <param index="0">
              <value>
                <![CDATA[Guadalajara Jalisco]]>
              </value>
            </param>
            <param index="1">
              <value>
                <![CDATA[Los Angeles]]>
              </value>
            </param>
          </params>
          <exception class="java.lang.NullPointerException">
            <full-stacktrace>
              <![CDATA[java.lang.NullPointerException
	at org.openqa.selenium.support.ui.ExpectedConditions.elementIfVisible(ExpectedConditions.java:302)
	at org.openqa.selenium.support.ui.ExpectedConditions.access$100(ExpectedConditions.java:41)
	at org.openqa.selenium.support.ui.ExpectedConditions$7.apply(ExpectedConditions.java:205)
	at org.openqa.selenium.support.ui.ExpectedConditions$7.apply(ExpectedConditions.java:201)
	at org.openqa.selenium.support.ui.ExpectedConditions$22.apply(ExpectedConditions.java:651)
	at org.openqa.selenium.support.ui.ExpectedConditions$22.apply(ExpectedConditions.java:644)
	at org.openqa.selenium.support.ui.FluentWait.until(FluentWait.java:238)
	at Helper.Helper.isElementClickable(Helper.java:35)
	at pages.ResultsExpedia.obtenerResultadosMayorMenor(ResultsExpedia.java:35)
	at test.ExpediaTest.Expedia(ExpediaTest.java:44)
	at sun.reflect.NativeMethodAccessorImpl.invoke0(Native Method)
	at sun.reflect.NativeMethodAccessorImpl.invoke(Unknown Source)
	at sun.reflect.DelegatingMethodAccessorImpl.invoke(Unknown Source)
	at java.lang.reflect.Method.invoke(Unknown Source)
	at org.testng.internal.MethodInvocationHelper.invokeMethod(MethodInvocationHelper.java:86)
	at org.testng.internal.Invoker.invokeMethod(Invoker.java:643)
	at org.testng.internal.Invoker.invokeTestMethod(Invoker.java:820)
	at org.testng.internal.Invoker.invokeTestMethods(Invoker.java:1128)
	at org.testng.internal.TestMethodWorker.invokeTestMethods(TestMethodWorker.java:129)
	at org.testng.internal.TestMethodWorker.run(TestMethodWorker.java:112)
	at org.testng.TestRunner.privateRun(TestRunner.java:782)
	at org.testng.TestRunner.run(TestRunner.java:632)
	at org.testng.SuiteRunner.runTest(SuiteRunner.java:366)
	at org.testng.SuiteRunner.runSequentially(SuiteRunner.java:361)
	at org.testng.SuiteRunner.privateRun(SuiteRunner.java:319)
	at org.testng.SuiteRunner.run(SuiteRunner.java:268)
	at org.testng.SuiteRunnerWorker.runSuite(SuiteRunnerWorker.java:52)
	at org.testng.SuiteRunnerWorker.run(SuiteRunnerWorker.java:86)
	at org.testng.TestNG.runSuitesSequentially(TestNG.java:1244)
	at org.testng.TestNG.runSuitesLocally(TestNG.java:1169)
	at org.testng.TestNG.run(TestNG.java:1064)
	at org.testng.remote.AbstractRemoteTestNG.run(AbstractRemoteTestNG.java:115)
	at org.testng.remote.RemoteTestNG.initAndRun(RemoteTestNG.java:251)
	at org.testng.remote.RemoteTestNG.main(RemoteTestNG.java:77)
]]>
            </full-stacktrace>
          </exception> <!-- java.lang.NullPointerException -->
          <reporter-output>
          </reporter-output>
        </test-method> <!-- Expedia -->
        <test-method status="PASS" signature="tearDownClass()[pri:0, instance:test.ExpediaTest@5442a311]" name="tearDownClass" is-config="true" duration-ms="1463" started-at="2019-12-27T11:56:13Z" finished-at="2019-12-27T11:56:14Z">
          <reporter-output>
          </reporter-output>
        </test-method> <!-- tearDownClass -->
      </class> <!-- test.ExpediaTest -->
    </test> <!-- Default test -->
  </suite> <!-- Default suite -->
</testng-results>
